Arguments: 
  /Users/prisc_000/.fnm/node-versions/v13.3.0/installation/bin/node /Users/prisc_000/.yarn/bin/yarn.js

PATH: 
  /Users/prisc_000/.opam/ocaml-base-compiler.4.07.1/bin:/Users/prisc_000/.rvm/gems/ruby-2.6.2/bin:/Users/prisc_000/.rvm/gems/ruby-2.6.2@global/bin:/Users/prisc_000/.rvm/rubies/ruby-2.6.2/bin:/Users/prisc_000/.yarn/bin:/Users/prisc_000/.config/yarn/global/node_modules/.bin:/usr/local/sbin:/Users/prisc_000/google-cloud-sdk/bin:/var/folders/dz/xzttny_14gs2lgxcvl5lm5680000gn/T/fnm-shell-7127090/bin:/Users/prisc_000/.fnm:/var/folders/dz/xzttny_14gs2lgxcvl5lm5680000gn/T/fnm-shell-4868050/bin:/Users/prisc_000/.fnm:/var/folders/dz/xzttny_14gs2lgxcvl5lm5680000gn/T/fnm-shell-2380117/bin:/Users/prisc_000/.fnm:/Users/prisc_000/Library/Android/sdk/emulator:/Users/prisc_000/Library/Android/sdk/tools:/Users/prisc_000/Library/Android/sdk/platform-tools:/Users/prisc_000/bin:/usr/local/bin:/Users/prisc_000/.yarn/bin:/Users/prisc_000/.config/yarn/global/node_modules/.bin:/usr/local/opt/nss/bin:/var/folders/dz/xzttny_14gs2lgxcvl5lm5680000gn/T/fnm-shell-8197717/bin:/Users/prisc_000/.fnm:/Users/prisc_000/.cargo/bin:/usr/local/bin:/usr/bin:/bin:/usr/sbin:/sbin:/Users/prisc_000/kotlin-native-macos-0.9.3/bin:/usr/local/go/bin:/Library/Frameworks/EdgeDB.framework/bin:/usr/local/share/dotnet:~/.dotnet/tools:/Applications/Postgres.app/Contents/Versions/latest/bin:/Users/prisc_000/fnm:/Users/prisc_000/bin:/usr/local/bin:/Users/prisc_000/.yarn/bin:/Users/prisc_000/.config/yarn/global/node_modules/.bin:/usr/local/opt/nss/bin:/var/folders/dz/xzttny_14gs2lgxcvl5lm5680000gn/T/fnm-shell-8197717/bin:/Users/prisc_000/.fnm:/Users/prisc_000/.cargo/bin:/usr/local/bin:/usr/bin:/bin:/usr/sbin:/sbin:/Users/prisc_000/kotlin-native-macos-0.9.3/bin:/usr/local/go/bin:/Library/Frameworks/EdgeDB.framework/bin:/usr/local/share/dotnet:~/.dotnet/tools:/Applications/Postgres.app/Contents/Versions/latest/bin:/Users/prisc_000/.fzf/bin:/Users/prisc_000/.rvm/bin

Yarn version: 
  1.21.1

Node version: 
  13.3.0

Platform: 
  darwin x64

Trace: 
  Error: ENOENT: no such file or directory, copyfile '/Users/prisc_000/Library/Caches/Yarn/v6/npm-loader-utils-0.2.17-f86e6374d43205a6e6c60e9196f17c0299bfb348-integrity/node_modules/loader-utils/LICENSE' -> '/Users/prisc_000/Downloads/use-click-outside-re-master/node_modules/html-webpack-plugin/node_modules/loader-utils/LICENSE'

npm manifest: 
  {
    "name": "use-click-outside-re",
    "version": "0.1.0",
    "scripts": {
      "build": "bsb -make-world",
      "start": "bsb -make-world -w",
      "clean": "bsb -clean-world",
      "test": "echo \"Error: no test specified\" && exit 1",
      "webpack": "webpack -w",
      "webpack:production": "NODE_ENV=production webpack",
      "server": "webpack-dev-server"
    },
    "keywords": [
      "BuckleScript"
    ],
    "author": "",
    "license": "MIT",
    "dependencies": {
      "bs-css": "^11.0.0",
      "bs-webapi": "^0.15.6",
      "react": "^16.12.0",
      "react-dom": "^16.12.0",
      "reason-react": ">=0.7.0",
      "rxjs": "6.5.4",
      "wonka": "4.0.7"
    },
    "devDependencies": {
      "bs-platform": "^7.0.1",
      "html-webpack-plugin": "^3.2.0",
      "webpack": "^4.41.5",
      "webpack-cli": "^3.3.10",
      "webpack-dev-server": "^3.10.1"
    }
  }

yarn manifest: 
  No manifest

Lockfile: 
  No lockfile
